<?xml version="1.0" encoding="UTF-8"?>
<testng-results skipped="0" failed="0" ignored="0" total="1" passed="1">
  <reporter-output>
  </reporter-output>
  <suite name="Default suite" duration-ms="14226" started-at="2023-08-16T12:07:18Z" finished-at="2023-08-16T12:07:32Z">
    <groups>
    </groups>
    <test name="Default test" duration-ms="14226" started-at="2023-08-16T12:07:18Z" finished-at="2023-08-16T12:07:32Z">
      <class name="test.LoginTest">
        <test-method status="PASS" signature="setUp()[pri:0, instance:test.LoginTest@35047d03]" name="setUp" is-config="true" duration-ms="8412" started-at="2023-08-16T17:37:18Z" finished-at="2023-08-16T17:37:26Z">
          <reporter-output>
          </reporter-output>
        </test-method> <!-- setUp -->
        <test-method status="PASS" signature="before()[pri:0, instance:test.LoginTest@35047d03]" name="before" is-config="true" duration-ms="762" started-at="2023-08-16T17:37:26Z" finished-at="2023-08-16T17:37:27Z">
          <reporter-output>
          </reporter-output>
        </test-method> <!-- before -->
        <test-method status="PASS" signature="verifyLoginSuccess()[pri:0, instance:test.LoginTest@35047d03]" name="verifyLoginSuccess" duration-ms="5044" started-at="2023-08-16T17:37:27Z" finished-at="2023-08-16T17:37:32Z">
          <reporter-output>
          </reporter-output>
        </test-method> <!-- verifyLoginSuccess -->
      </class> <!-- test.LoginTest -->
    </test> <!-- Default test -->
  </suite> <!-- Default suite -->
</testng-results>
